CRITICAL - 2022-01-20 21:22:46 --> Unable to connect to the database.
#0 C:\Apache24\htdocs\ChikaraBlog\api\vendor\codeigniter4\framework\system\Database\BaseConnection.php(646): CodeIgniter\Database\BaseConnection->initialize()
#1 C:\Apache24\htdocs\ChikaraBlog\api\vendor\codeigniter4\framework\system\Database\BaseBuilder.php(1860): CodeIgniter\Database\BaseConnection->query('SELECT *\nFROM `...', Array, false)
#2 C:\Apache24\htdocs\ChikaraBlog\api\vendor\codeigniter4\framework\system\Model.php(462): CodeIgniter\Database\BaseBuilder->get()
#3 C:\Apache24\htdocs\ChikaraBlog\api\app\Controllers\Enrollment.php(15): CodeIgniter\Model->findAll()
#4 C:\Apache24\htdocs\ChikaraBlog\api\vendor\codeigniter4\framework\system\CodeIgniter.php(918): App\Controllers\Enrollment->index()
#5 C:\Apache24\htdocs\ChikaraBlog\api\vendor\codeigniter4\framework\system\CodeIgniter.php(404): CodeIgniter\CodeIgniter->runController(Object(App\Controllers\Enrollment))
#6 C:\Apache24\htdocs\ChikaraBlog\api\vendor\codeigniter4\framework\system\CodeIgniter.php(312): CodeIgniter\CodeIgniter->handleRequest(NULL, Object(Config\Cache), false)
#7 C:\Apache24\htdocs\ChikaraBlog\api\index.php(45): CodeIgniter\CodeIgniter->run()
#8 {main}
CRITICAL - 2022-01-20 21:23:10 --> Unable to connect to the database.
#0 C:\Apache24\htdocs\ChikaraBlog\api\vendor\codeigniter4\framework\system\Database\BaseConnection.php(646): CodeIgniter\Database\BaseConnection->initialize()
#1 C:\Apache24\htdocs\ChikaraBlog\api\vendor\codeigniter4\framework\system\Database\BaseBuilder.php(1860): CodeIgniter\Database\BaseConnection->query('SELECT *\nFROM `...', Array, false)
#2 C:\Apache24\htdocs\ChikaraBlog\api\vendor\codeigniter4\framework\system\Model.php(462): CodeIgniter\Database\BaseBuilder->get()
#3 C:\Apache24\htdocs\ChikaraBlog\api\app\Controllers\Enrollment.php(15): CodeIgniter\Model->findAll()
#4 C:\Apache24\htdocs\ChikaraBlog\api\vendor\codeigniter4\framework\system\CodeIgniter.php(918): App\Controllers\Enrollment->index()
#5 C:\Apache24\htdocs\ChikaraBlog\api\vendor\codeigniter4\framework\system\CodeIgniter.php(404): CodeIgniter\CodeIgniter->runController(Object(App\Controllers\Enrollment))
#6 C:\Apache24\htdocs\ChikaraBlog\api\vendor\codeigniter4\framework\system\CodeIgniter.php(312): CodeIgniter\CodeIgniter->handleRequest(NULL, Object(Config\Cache), false)
#7 C:\Apache24\htdocs\ChikaraBlog\api\index.php(45): CodeIgniter\CodeIgniter->run()
#8 {main}
CRITICAL - 2022-01-20 21:25:51 --> Unable to connect to the database.
#0 C:\Apache24\htdocs\ChikaraBlog\api\vendor\codeigniter4\framework\system\Database\BaseConnection.php(646): CodeIgniter\Database\BaseConnection->initialize()
#1 C:\Apache24\htdocs\ChikaraBlog\api\vendor\codeigniter4\framework\system\Database\BaseBuilder.php(1860): CodeIgniter\Database\BaseConnection->query('SELECT *\nFROM `...', Array, false)
#2 C:\Apache24\htdocs\ChikaraBlog\api\vendor\codeigniter4\framework\system\Model.php(462): CodeIgniter\Database\BaseBuilder->get()
#3 C:\Apache24\htdocs\ChikaraBlog\api\app\Controllers\Enrollment.php(15): CodeIgniter\Model->findAll()
#4 C:\Apache24\htdocs\ChikaraBlog\api\vendor\codeigniter4\framework\system\CodeIgniter.php(918): App\Controllers\Enrollment->index()
#5 C:\Apache24\htdocs\ChikaraBlog\api\vendor\codeigniter4\framework\system\CodeIgniter.php(404): CodeIgniter\CodeIgniter->runController(Object(App\Controllers\Enrollment))
#6 C:\Apache24\htdocs\ChikaraBlog\api\vendor\codeigniter4\framework\system\CodeIgniter.php(312): CodeIgniter\CodeIgniter->handleRequest(NULL, Object(Config\Cache), false)
#7 C:\Apache24\htdocs\ChikaraBlog\api\index.php(45): CodeIgniter\CodeIgniter->run()
#8 {main}
CRITICAL - 2022-01-20 21:28:05 --> Table 'chikara.adm_user' doesn't exist
#0 C:\Apache24\htdocs\ChikaraBlog\api\vendor\codeigniter4\framework\system\Database\MySQLi\Connection.php(331): mysqli->query('SELECT *\nFROM `...')
#1 C:\Apache24\htdocs\ChikaraBlog\api\vendor\codeigniter4\framework\system\Database\BaseConnection.php(741): CodeIgniter\Database\MySQLi\Connection->execute('SELECT *\nFROM `...')
#2 C:\Apache24\htdocs\ChikaraBlog\api\vendor\codeigniter4\framework\system\Database\BaseConnection.php(669): CodeIgniter\Database\BaseConnection->simpleQuery('SELECT *\nFROM `...')
#3 C:\Apache24\htdocs\ChikaraBlog\api\vendor\codeigniter4\framework\system\Database\BaseBuilder.php(1860): CodeIgniter\Database\BaseConnection->query('SELECT *\nFROM `...', Array, false)
#4 C:\Apache24\htdocs\ChikaraBlog\api\vendor\codeigniter4\framework\system\Model.php(462): CodeIgniter\Database\BaseBuilder->get()
#5 C:\Apache24\htdocs\ChikaraBlog\api\app\Controllers\Enrollment.php(15): CodeIgniter\Model->findAll()
#6 C:\Apache24\htdocs\ChikaraBlog\api\vendor\codeigniter4\framework\system\CodeIgniter.php(918): App\Controllers\Enrollment->index()
#7 C:\Apache24\htdocs\ChikaraBlog\api\vendor\codeigniter4\framework\system\CodeIgniter.php(404): CodeIgniter\CodeIgniter->runController(Object(App\Controllers\Enrollment))
#8 C:\Apache24\htdocs\ChikaraBlog\api\vendor\codeigniter4\framework\system\CodeIgniter.php(312): CodeIgniter\CodeIgniter->handleRequest(NULL, Object(Config\Cache), false)
#9 C:\Apache24\htdocs\ChikaraBlog\api\index.php(45): CodeIgniter\CodeIgniter->run()
#10 {main}
CRITICAL - 2022-01-20 21:31:30 --> Class 'App\Entities\adm\User' not found
#0 [internal function]: CodeIgniter\Debug\Exceptions->shutdownHandler()
#1 {main}
CRITICAL - 2022-01-20 21:31:45 --> Class 'App\Entities\adm\User' not found
#0 [internal function]: CodeIgniter\Debug\Exceptions->shutdownHandler()
#1 {main}
CRITICAL - 2022-01-20 21:31:57 --> Class 'App\Entities\CoreEntity' not found
#0 C:\Apache24\htdocs\ChikaraBlog\api\vendor\codeigniter4\framework\system\Autoloader\Autoloader.php(365): require_once()
#1 C:\Apache24\htdocs\ChikaraBlog\api\vendor\codeigniter4\framework\system\Autoloader\Autoloader.php(296): CodeIgniter\Autoloader\Autoloader->requireFile('C:\\Apache24\\htd...')
#2 C:\Apache24\htdocs\ChikaraBlog\api\vendor\codeigniter4\framework\system\Autoloader\Autoloader.php(258): CodeIgniter\Autoloader\Autoloader->loadInNamespace('App\\Entities\\Us...')
#3 [internal function]: CodeIgniter\Autoloader\Autoloader->loadClass('App\\Entities\\Us...')
#4 [internal function]: spl_autoload_call('App\\Entities\\Us...')
#5 C:\Apache24\htdocs\ChikaraBlog\api\vendor\codeigniter4\framework\system\Database\MySQLi\Result.php(203): is_subclass_of('App\\Entities\\Us...', 'CodeIgniter\\Ent...')
#6 C:\Apache24\htdocs\ChikaraBlog\api\vendor\codeigniter4\framework\system\Database\BaseResult.php(195): CodeIgniter\Database\MySQLi\Result->fetchObject('App\\Entities\\Us...')
#7 C:\Apache24\htdocs\ChikaraBlog\api\vendor\codeigniter4\framework\system\Database\BaseResult.php(142): CodeIgniter\Database\BaseResult->getCustomResultObject('App\\Entities\\Us...')
#8 C:\Apache24\htdocs\ChikaraBlog\api\vendor\codeigniter4\framework\system\Model.php(464): CodeIgniter\Database\BaseResult->getResult('App\\Entities\\Us...')
#9 C:\Apache24\htdocs\ChikaraBlog\api\app\Controllers\Enrollment.php(15): CodeIgniter\Model->findAll()
#10 C:\Apache24\htdocs\ChikaraBlog\api\vendor\codeigniter4\framework\system\CodeIgniter.php(918): App\Controllers\Enrollment->index()
#11 C:\Apache24\htdocs\ChikaraBlog\api\vendor\codeigniter4\framework\system\CodeIgniter.php(404): CodeIgniter\CodeIgniter->runController(Object(App\Controllers\Enrollment))
#12 C:\Apache24\htdocs\ChikaraBlog\api\vendor\codeigniter4\framework\system\CodeIgniter.php(312): CodeIgniter\CodeIgniter->handleRequest(NULL, Object(Config\Cache), false)
#13 C:\Apache24\htdocs\ChikaraBlog\api\index.php(45): CodeIgniter\CodeIgniter->run()
#14 {main}
CRITICAL - 2022-01-20 21:32:04 --> Class 'App\Entities\CoreEntity' not found
#0 C:\Apache24\htdocs\ChikaraBlog\api\vendor\codeigniter4\framework\system\Autoloader\Autoloader.php(365): require_once()
#1 C:\Apache24\htdocs\ChikaraBlog\api\vendor\codeigniter4\framework\system\Autoloader\Autoloader.php(296): CodeIgniter\Autoloader\Autoloader->requireFile('C:\\Apache24\\htd...')
#2 C:\Apache24\htdocs\ChikaraBlog\api\vendor\codeigniter4\framework\system\Autoloader\Autoloader.php(258): CodeIgniter\Autoloader\Autoloader->loadInNamespace('App\\Entities\\Us...')
#3 [internal function]: CodeIgniter\Autoloader\Autoloader->loadClass('App\\Entities\\Us...')
#4 [internal function]: spl_autoload_call('App\\Entities\\Us...')
#5 C:\Apache24\htdocs\ChikaraBlog\api\vendor\codeigniter4\framework\system\Database\MySQLi\Result.php(203): is_subclass_of('App\\Entities\\Us...', 'CodeIgniter\\Ent...')
#6 C:\Apache24\htdocs\ChikaraBlog\api\vendor\codeigniter4\framework\system\Database\BaseResult.php(195): CodeIgniter\Database\MySQLi\Result->fetchObject('App\\Entities\\Us...')
#7 C:\Apache24\htdocs\ChikaraBlog\api\vendor\codeigniter4\framework\system\Database\BaseResult.php(142): CodeIgniter\Database\BaseResult->getCustomResultObject('App\\Entities\\Us...')
#8 C:\Apache24\htdocs\ChikaraBlog\api\vendor\codeigniter4\framework\system\Model.php(464): CodeIgniter\Database\BaseResult->getResult('App\\Entities\\Us...')
#9 C:\Apache24\htdocs\ChikaraBlog\api\app\Controllers\Enrollment.php(15): CodeIgniter\Model->findAll()
#10 C:\Apache24\htdocs\ChikaraBlog\api\vendor\codeigniter4\framework\system\CodeIgniter.php(918): App\Controllers\Enrollment->index()
#11 C:\Apache24\htdocs\ChikaraBlog\api\vendor\codeigniter4\framework\system\CodeIgniter.php(404): CodeIgniter\CodeIgniter->runController(Object(App\Controllers\Enrollment))
#12 C:\Apache24\htdocs\ChikaraBlog\api\vendor\codeigniter4\framework\system\CodeIgniter.php(312): CodeIgniter\CodeIgniter->handleRequest(NULL, Object(Config\Cache), false)
#13 C:\Apache24\htdocs\ChikaraBlog\api\index.php(45): CodeIgniter\CodeIgniter->run()
#14 {main}
CRITICAL - 2022-01-20 21:32:38 --> Class 'App\Entities\CoreEntity' not found
#0 C:\Apache24\htdocs\ChikaraBlog\api\vendor\codeigniter4\framework\system\Autoloader\Autoloader.php(365): require_once()
#1 C:\Apache24\htdocs\ChikaraBlog\api\vendor\codeigniter4\framework\system\Autoloader\Autoloader.php(296): CodeIgniter\Autoloader\Autoloader->requireFile('C:\\Apache24\\htd...')
#2 C:\Apache24\htdocs\ChikaraBlog\api\vendor\codeigniter4\framework\system\Autoloader\Autoloader.php(258): CodeIgniter\Autoloader\Autoloader->loadInNamespace('App\\Entities\\Us...')
#3 [internal function]: CodeIgniter\Autoloader\Autoloader->loadClass('App\\Entities\\Us...')
#4 [internal function]: spl_autoload_call('App\\Entities\\Us...')
#5 C:\Apache24\htdocs\ChikaraBlog\api\vendor\codeigniter4\framework\system\Database\MySQLi\Result.php(203): is_subclass_of('App\\Entities\\Us...', 'CodeIgniter\\Ent...')
#6 C:\Apache24\htdocs\ChikaraBlog\api\vendor\codeigniter4\framework\system\Database\BaseResult.php(195): CodeIgniter\Database\MySQLi\Result->fetchObject('App\\Entities\\Us...')
#7 C:\Apache24\htdocs\ChikaraBlog\api\vendor\codeigniter4\framework\system\Database\BaseResult.php(142): CodeIgniter\Database\BaseResult->getCustomResultObject('App\\Entities\\Us...')
#8 C:\Apache24\htdocs\ChikaraBlog\api\vendor\codeigniter4\framework\system\Model.php(464): CodeIgniter\Database\BaseResult->getResult('App\\Entities\\Us...')
#9 C:\Apache24\htdocs\ChikaraBlog\api\app\Controllers\Enrollment.php(15): CodeIgniter\Model->findAll()
#10 C:\Apache24\htdocs\ChikaraBlog\api\vendor\codeigniter4\framework\system\CodeIgniter.php(918): App\Controllers\Enrollment->index()
#11 C:\Apache24\htdocs\ChikaraBlog\api\vendor\codeigniter4\framework\system\CodeIgniter.php(404): CodeIgniter\CodeIgniter->runController(Object(App\Controllers\Enrollment))
#12 C:\Apache24\htdocs\ChikaraBlog\api\vendor\codeigniter4\framework\system\CodeIgniter.php(312): CodeIgniter\CodeIgniter->handleRequest(NULL, Object(Config\Cache), false)
#13 C:\Apache24\htdocs\ChikaraBlog\api\index.php(45): CodeIgniter\CodeIgniter->run()
#14 {main}
CRITICAL - 2022-01-20 21:39:34 --> Allowed fields must be specified for model: App\Models\UserModel
#0 C:\Apache24\htdocs\ChikaraBlog\api\vendor\codeigniter4\framework\system\Model.php(1265): CodeIgniter\Database\Exceptions\DataException::forInvalidAllowedFields('App\\Models\\User...')
#1 C:\Apache24\htdocs\ChikaraBlog\api\vendor\codeigniter4\framework\system\Model.php(735): CodeIgniter\Model->doProtectFields(Array)
#2 C:\Apache24\htdocs\ChikaraBlog\api\vendor\codeigniter4\framework\system\Model.php(574): CodeIgniter\Model->insert(Array, false)
#3 C:\Apache24\htdocs\ChikaraBlog\api\app\Controllers\Enrollment.php(17): CodeIgniter\Model->save(Object(App\Models\UserModel))
#4 C:\Apache24\htdocs\ChikaraBlog\api\vendor\codeigniter4\framework\system\CodeIgniter.php(918): App\Controllers\Enrollment->index()
#5 C:\Apache24\htdocs\ChikaraBlog\api\vendor\codeigniter4\framework\system\CodeIgniter.php(404): CodeIgniter\CodeIgniter->runController(Object(App\Controllers\Enrollment))
#6 C:\Apache24\htdocs\ChikaraBlog\api\vendor\codeigniter4\framework\system\CodeIgniter.php(312): CodeIgniter\CodeIgniter->handleRequest(NULL, Object(Config\Cache), false)
#7 C:\Apache24\htdocs\ChikaraBlog\api\index.php(45): CodeIgniter\CodeIgniter->run()
#8 {main}
CRITICAL - 2022-01-20 21:40:07 --> Allowed fields must be specified for model: App\Models\UserModel
#0 C:\Apache24\htdocs\ChikaraBlog\api\vendor\codeigniter4\framework\system\Model.php(1265): CodeIgniter\Database\Exceptions\DataException::forInvalidAllowedFields('App\\Models\\User...')
#1 C:\Apache24\htdocs\ChikaraBlog\api\vendor\codeigniter4\framework\system\Model.php(735): CodeIgniter\Model->doProtectFields(Array)
#2 C:\Apache24\htdocs\ChikaraBlog\api\vendor\codeigniter4\framework\system\Model.php(574): CodeIgniter\Model->insert(Array, false)
#3 C:\Apache24\htdocs\ChikaraBlog\api\app\Controllers\Enrollment.php(17): CodeIgniter\Model->save(Object(App\Models\UserModel))
#4 C:\Apache24\htdocs\ChikaraBlog\api\vendor\codeigniter4\framework\system\CodeIgniter.php(918): App\Controllers\Enrollment->index()
#5 C:\Apache24\htdocs\ChikaraBlog\api\vendor\codeigniter4\framework\system\CodeIgniter.php(404): CodeIgniter\CodeIgniter->runController(Object(App\Controllers\Enrollment))
#6 C:\Apache24\htdocs\ChikaraBlog\api\vendor\codeigniter4\framework\system\CodeIgniter.php(312): CodeIgniter\CodeIgniter->handleRequest(NULL, Object(Config\Cache), false)
#7 C:\Apache24\htdocs\ChikaraBlog\api\index.php(45): CodeIgniter\CodeIgniter->run()
#8 {main}
CRITICAL - 2022-01-20 21:40:23 --> Unknown column 'USER_updated_at' in 'field list'
#0 C:\Apache24\htdocs\ChikaraBlog\api\vendor\codeigniter4\framework\system\Database\MySQLi\Connection.php(331): mysqli->query('INSERT INTO `us...')
#1 C:\Apache24\htdocs\ChikaraBlog\api\vendor\codeigniter4\framework\system\Database\BaseConnection.php(741): CodeIgniter\Database\MySQLi\Connection->execute('INSERT INTO `us...')
#2 C:\Apache24\htdocs\ChikaraBlog\api\vendor\codeigniter4\framework\system\Database\BaseConnection.php(669): CodeIgniter\Database\BaseConnection->simpleQuery('INSERT INTO `us...')
#3 C:\Apache24\htdocs\ChikaraBlog\api\vendor\codeigniter4\framework\system\Database\BaseBuilder.php(2249): CodeIgniter\Database\BaseConnection->query('INSERT INTO `us...', Array, false)
#4 C:\Apache24\htdocs\ChikaraBlog\api\vendor\codeigniter4\framework\system\Model.php(755): CodeIgniter\Database\BaseBuilder->insert()
#5 C:\Apache24\htdocs\ChikaraBlog\api\vendor\codeigniter4\framework\system\Model.php(574): CodeIgniter\Model->insert(Array, false)
#6 C:\Apache24\htdocs\ChikaraBlog\api\app\Controllers\Enrollment.php(17): CodeIgniter\Model->save(Object(App\Models\UserModel))
#7 C:\Apache24\htdocs\ChikaraBlog\api\vendor\codeigniter4\framework\system\CodeIgniter.php(918): App\Controllers\Enrollment->index()
#8 C:\Apache24\htdocs\ChikaraBlog\api\vendor\codeigniter4\framework\system\CodeIgniter.php(404): CodeIgniter\CodeIgniter->runController(Object(App\Controllers\Enrollment))
#9 C:\Apache24\htdocs\ChikaraBlog\api\vendor\codeigniter4\framework\system\CodeIgniter.php(312): CodeIgniter\CodeIgniter->handleRequest(NULL, Object(Config\Cache), false)
#10 C:\Apache24\htdocs\ChikaraBlog\api\index.php(45): CodeIgniter\CodeIgniter->run()
#11 {main}
